2025-06-25T14:18:07.711Z [ERROR]: Traceback (most recent call last):
  File "/home/ubuntu/.nvm/versions/node/v22.14.0/lib/node_modules/promptfoo/dist/src/python/wrapper.py", line 39, in <module>
    result = call_method(script_path, method_name, *data)
  File "/home/ubuntu/.nvm/versions/node/v22.14.0/lib/node_modules/promptfoo/dist/src/python/wrapper.py", line 18, in call_method
    spec.loader.exec_module(script_module)
    ~~~~~~~~~~~~~~~~~~~~~~~^^^^^^^^^^^^^^^
  File "<frozen importlib._bootstrap_external>", line 1026, in exec_module
  File "<frozen importlib._bootstrap>", line 488, in _call_with_frames_removed
  File "/home/ubuntu/MyWork/llm-judge-tech-summit-workshop/github-llm-judge/lab2-creative-writing-benchmark/creative-writing/test-vars.py", line 1, in <module>
    import pandas as pd
ModuleNotFoundError: No module named 'pandas'
2025-06-25T14:18:07.716Z [ERROR]: Error running Python script: ModuleNotFoundError: No module named 'pandas'
Stack Trace: Error: ModuleNotFoundError: No module named 'pandas'
    at PythonShell.parseError (/home/ubuntu/.nvm/versions/node/v22.14.0/lib/node_modules/promptfoo/node_modules/python-shell/index.js:303:21)
    at terminateIfNeeded (/home/ubuntu/.nvm/versions/node/v22.14.0/lib/node_modules/promptfoo/node_modules/python-shell/index.js:193:32)
    at ChildProcess.<anonymous> (/home/ubuntu/.nvm/versions/node/v22.14.0/lib/node_modules/promptfoo/node_modules/python-shell/index.js:185:13)
    at ChildProcess.emit (node:events:518:28)
    at ChildProcess._handle.onexit (node:internal/child_process:293:12)
    --Python Traceback: --
    File "/home/ubuntu/.nvm/versions/node/v22.14.0/lib/node_modules/promptfoo/dist/src/python/wrapper.py", line 39, in <module>
      result = call_method(script_path, method_name, *data)
    File "/home/ubuntu/.nvm/versions/node/v22.14.0/lib/node_modules/promptfoo/dist/src/python/wrapper.py", line 18, in call_method
      spec.loader.exec_module(script_module)
      ~~~~~~~~~~~~~~~~~~~~~~~^^^^^^^^^^^^^^^
    File "<frozen importlib._bootstrap_external>", line 1026, in exec_module
    File "<frozen importlib._bootstrap>", line 488, in _call_with_frames_removed
    File "/home/ubuntu/MyWork/llm-judge-tech-summit-workshop/github-llm-judge/lab2-creative-writing-benchmark/creative-writing/test-vars.py", line 1, in <module>
      import pandas as pd
2025-06-25T14:20:38.288Z [ERROR]: Traceback (most recent call last):
  File "/home/ubuntu/.nvm/versions/node/v22.14.0/lib/node_modules/promptfoo/dist/src/python/wrapper.py", line 39, in <module>
    result = call_method(script_path, method_name, *data)
  File "/home/ubuntu/.nvm/versions/node/v22.14.0/lib/node_modules/promptfoo/dist/src/python/wrapper.py", line 18, in call_method
    spec.loader.exec_module(script_module)
    ~~~~~~~~~~~~~~~~~~~~~~~^^^^^^^^^^^^^^^
  File "<frozen importlib._bootstrap_external>", line 1026, in exec_module
  File "<frozen importlib._bootstrap>", line 488, in _call_with_frames_removed
  File "/home/ubuntu/MyWork/llm-judge-tech-summit-workshop/github-llm-judge/lab2-creative-writing-benchmark/creative-writing/test-vars.py", line 1, in <module>
    import pandas as pd
ModuleNotFoundError: No module named 'pandas'
2025-06-25T14:20:38.293Z [ERROR]: Error running Python script: ModuleNotFoundError: No module named 'pandas'
Stack Trace: Error: ModuleNotFoundError: No module named 'pandas'
    at PythonShell.parseError (/home/ubuntu/.nvm/versions/node/v22.14.0/lib/node_modules/promptfoo/node_modules/python-shell/index.js:303:21)
    at terminateIfNeeded (/home/ubuntu/.nvm/versions/node/v22.14.0/lib/node_modules/promptfoo/node_modules/python-shell/index.js:193:32)
    at ChildProcess.<anonymous> (/home/ubuntu/.nvm/versions/node/v22.14.0/lib/node_modules/promptfoo/node_modules/python-shell/index.js:185:13)
    at ChildProcess.emit (node:events:518:28)
    at ChildProcess._handle.onexit (node:internal/child_process:293:12)
    --Python Traceback: --
    File "/home/ubuntu/.nvm/versions/node/v22.14.0/lib/node_modules/promptfoo/dist/src/python/wrapper.py", line 39, in <module>
      result = call_method(script_path, method_name, *data)
    File "/home/ubuntu/.nvm/versions/node/v22.14.0/lib/node_modules/promptfoo/dist/src/python/wrapper.py", line 18, in call_method
      spec.loader.exec_module(script_module)
      ~~~~~~~~~~~~~~~~~~~~~~~^^^^^^^^^^^^^^^
    File "<frozen importlib._bootstrap_external>", line 1026, in exec_module
    File "<frozen importlib._bootstrap>", line 488, in _call_with_frames_removed
    File "/home/ubuntu/MyWork/llm-judge-tech-summit-workshop/github-llm-judge/lab2-creative-writing-benchmark/creative-writing/test-vars.py", line 1, in <module>
      import pandas as pd
2025-06-25T14:20:44.075Z [ERROR]: Traceback (most recent call last):
  File "/home/ubuntu/.nvm/versions/node/v22.14.0/lib/node_modules/promptfoo/dist/src/python/wrapper.py", line 39, in <module>
    result = call_method(script_path, method_name, *data)
  File "/home/ubuntu/.nvm/versions/node/v22.14.0/lib/node_modules/promptfoo/dist/src/python/wrapper.py", line 18, in call_method
    spec.loader.exec_module(script_module)
    ~~~~~~~~~~~~~~~~~~~~~~~^^^^^^^^^^^^^^^
  File "<frozen importlib._bootstrap_external>", line 1026, in exec_module
  File "<frozen importlib._bootstrap>", line 488, in _call_with_frames_removed
  File "/home/ubuntu/MyWork/llm-judge-tech-summit-workshop/github-llm-judge/lab2-creative-writing-benchmark/creative-writing/test-vars.py", line 1, in <module>
    import pandas as pd
ModuleNotFoundError: No module named 'pandas'
2025-06-25T14:20:44.081Z [ERROR]: Error running Python script: ModuleNotFoundError: No module named 'pandas'
Stack Trace: Error: ModuleNotFoundError: No module named 'pandas'
    at PythonShell.parseError (/home/ubuntu/.nvm/versions/node/v22.14.0/lib/node_modules/promptfoo/node_modules/python-shell/index.js:303:21)
    at terminateIfNeeded (/home/ubuntu/.nvm/versions/node/v22.14.0/lib/node_modules/promptfoo/node_modules/python-shell/index.js:193:32)
    at ChildProcess.<anonymous> (/home/ubuntu/.nvm/versions/node/v22.14.0/lib/node_modules/promptfoo/node_modules/python-shell/index.js:185:13)
    at ChildProcess.emit (node:events:518:28)
    at ChildProcess._handle.onexit (node:internal/child_process:293:12)
    --Python Traceback: --
    File "/home/ubuntu/.nvm/versions/node/v22.14.0/lib/node_modules/promptfoo/dist/src/python/wrapper.py", line 39, in <module>
      result = call_method(script_path, method_name, *data)
    File "/home/ubuntu/.nvm/versions/node/v22.14.0/lib/node_modules/promptfoo/dist/src/python/wrapper.py", line 18, in call_method
      spec.loader.exec_module(script_module)
      ~~~~~~~~~~~~~~~~~~~~~~~^^^^^^^^^^^^^^^
    File "<frozen importlib._bootstrap_external>", line 1026, in exec_module
    File "<frozen importlib._bootstrap>", line 488, in _call_with_frames_removed
    File "/home/ubuntu/MyWork/llm-judge-tech-summit-workshop/github-llm-judge/lab2-creative-writing-benchmark/creative-writing/test-vars.py", line 1, in <module>
      import pandas as pd
